{"level":"error","msg":"map[request_body:{{\n    \"email\": \"randysteven10@gmail.com\",\n    \"phone_number\": \"085347391673\",\n    \"password\": \"test_1234\"\n}}]","request_body":{"Reader":{}},"time":"2023-11-29T14:55:30+07:00"}
{"level":"error","method":"POST","msg":"Key: 'UserRequest.Name' Error:Field validation for 'Name' failed on the 'required' tag","status":500,"time":"2023-11-29T14:55:30+07:00","uri":"/v1/register"}
{"level":"error","msg":"Request","request_body":{"Reader":{}},"time":"2023-11-29T14:55:53+07:00"}
{"level":"error","method":"POST","msg":"Key: 'UserRequest.Name' Error:Field validation for 'Name' failed on the 'required' tag","status":500,"time":"2023-11-29T14:55:53+07:00","uri":"/v1/register"}
{"level":"error","msg":"Request","request_body":{"Reader":{}},"time":"2023-11-29T15:20:52+07:00"}
{"level":"info","msg":"Success","time":"2023-11-29T15:20:52+07:00"}
{"level":"error","msg":"Request","request_body":{"Reader":{}},"time":"2023-11-29T15:25:44+07:00"}
{"level":"info","msg":"Success","time":"2023-11-29T15:25:44+07:00"}
{"level":"error","msg":"Request","request_body":{"Reader":{}},"time":"2023-11-29T15:25:47+07:00"}
{"level":"info","msg":"Success","time":"2023-11-29T15:25:47+07:00"}
{"level":"error","msg":"Request","request_body":{"Reader":{}},"time":"2023-11-29T15:53:43+07:00"}
{"latency":0.000141438,"level":"error","method":"POST","msg":"Key: 'UserRequest.Name' Error:Field validation for 'Name' failed on the 'required' tag","status":500,"time":"2023-11-29T15:53:43+07:00","uri":"/v1/register"}
{"level":"error","msg":"Request","request_body":{"Reader":{}},"time":"2023-11-29T15:54:45+07:00"}
{"latency":0.066707784,"level":"error","method":"POST","msg":"ERROR: duplicate key value violates unique constraint \"users_email_key\" (SQLSTATE 23505)","status":500,"time":"2023-11-29T15:54:45+07:00","uri":"/v1/register"}
{"level":"error","msg":"Request","request_body":{"Reader":{}},"time":"2023-11-29T15:54:55+07:00"}
{"level":"info","msg":"Success","time":"2023-11-29T15:54:55+07:00"}
{"level":"error","msg":"Request","request_body":{"Reader":{}},"time":"2023-12-08T10:43:19+07:00"}
{"level":"info","msg":"Success","time":"2023-12-08T10:43:19+07:00"}
{"level":"error","msg":"Request","request_body":{"Reader":{}},"time":"2023-12-08T13:02:58+07:00"}
{"latency":0.000086201,"level":"error","method":"POST","msg":"Key: 'UserRequest.PhoneNumber' Error:Field validation for 'PhoneNumber' failed on the 'required' tag","status":500,"time":"2023-12-08T13:02:58+07:00","uri":"/v1/register"}
{"level":"error","msg":"Request","request_body":{"Reader":{}},"time":"2023-12-09T20:11:31+07:00"}
{"level":"info","msg":"Success","time":"2023-12-09T20:11:31+07:00"}
{"level":"error","msg":"Request","request_body":{"Reader":{}},"time":"2023-12-09T20:11:44+07:00"}
{"level":"info","msg":"Success","time":"2023-12-09T20:11:44+07:00"}
{"level":"error","msg":"Request","request_body":{"Reader":{}},"time":"2023-12-09T20:11:57+07:00"}
{"level":"info","msg":"Success","time":"2023-12-09T20:11:57+07:00"}
{"level":"error","msg":"Request","request_body":{"Reader":{}},"time":"2023-12-09T20:13:06+07:00"}
{"level":"info","msg":"Success","time":"2023-12-09T20:13:06+07:00"}
{"level":"error","msg":"Request","request_body":{"Reader":{}},"time":"2023-12-09T20:13:19+07:00"}
{"level":"info","msg":"Success","time":"2023-12-09T20:13:19+07:00"}
{"level":"error","msg":"Request","request_body":{"Reader":{}},"time":"2023-12-09T20:13:30+07:00"}
{"level":"info","msg":"Success","time":"2023-12-09T20:13:30+07:00"}
{"level":"error","msg":"Request","request_body":{"Reader":{}},"time":"2023-12-09T20:13:37+07:00"}
{"level":"info","msg":"Success","time":"2023-12-09T20:13:37+07:00"}
{"level":"info","msg":"print","time":"2023-12-12T10:30:35+07:00"}
{"level":"info","msg":"print","time":"2023-12-12T10:30:54+07:00"}
{"latency":1147,"level":"error","msg":"\u003cnil\u003e","status":0,"time":"2023-12-12T10:34:53+07:00"}
{"err":"rpc error: code = Unknown desc = rpc error: code = Unauthenticated desc = invalid token","latency":1054,"level":"error","msg":"{}","status":2,"time":"2023-12-12T11:08:34+07:00"}
{"err":null,"latency":688,"level":"error","msg":"{}","status":0,"time":"2023-12-12T11:08:37+07:00"}
{"level":"info","msg":"map[latency:392ns path:/library.AuthService/Login req:{\"email\":\"randysteven12@gmail.com\",\"password\":\"test_1234\"} status:OK]","time":"2023-12-12T12:17:12+07:00"}
{"level":"error","msg":"map[err:rpc error: code = Unknown desc = ERROR: insert or update on table \"books\" violates foreign key constraint \"fk_books_author\" (SQLSTATE 23503) latency:2.666µs path:/library.BookService/CreateBook status:Unknown]","time":"2023-12-12T12:19:27+07:00"}
{"level":"info","msg":"map[latency:2.126µs path:/library.BookService/CreateBook req:{\"title\":\"Buku GRPC\",\"description\":\"Buku terbuat dari gRPC\",\"quantity\":12,\"cover\":\"Sampul\",\"author_id\":1} status:OK]","time":"2023-12-12T12:20:03+07:00"}
{"level":"error","msg":"map[err:rpc error: code = Unknown desc = rpc error: code = Unauthenticated desc = invalid token latency:904ns path:/library.BorrowBookService/CreateBorrowBook status:Unknown]","time":"2023-12-12T14:00:06+07:00"}
{"level":"info","msg":"map[latency:704ns path:/library.AuthService/Login req:{\"email\":\"randysteven12@gmail.com\",\"password\":\"test_1234\"} status:OK]","time":"2023-12-12T14:00:19+07:00"}
{"level":"info","msg":"map[latency:535ns path:/library.BorrowBookService/CreateBorrowBook req:{\"user_id\":1,\"book_id\":2} status:OK]","time":"2023-12-12T14:00:54+07:00"}
{"level":"info","msg":"map[latency:986ns path:/library.BorrowBookService/CreateBorrowBook req:{\"user_id\":1,\"book_id\":3} status:OK]","time":"2023-12-12T14:04:10+07:00"}
{"level":"error","msg":"map[err:rpc error: code = Unknown desc = rpc error: code = Unauthenticated desc = invalid token latency:2.11µs path:/library.BorrowBookService/RetrunBook status:Unknown]","time":"2023-12-12T14:07:38+07:00"}
{"level":"error","msg":"map[err:rpc error: code = InvalidArgument desc = book id not found latency:2.38µs path:/library.BorrowBookService/CreateBorrowBook status:InvalidArgument]","time":"2023-12-12T14:08:18+07:00"}
{"level":"info","msg":"map[latency:913ns path:/library.BorrowBookService/CreateBorrowBook req:{\"book_id\":4} status:OK]","time":"2023-12-12T14:08:23+07:00"}
{"level":"error","msg":"map[err:rpc error: code = InvalidArgument desc = book already returned latency:1.68µs path:/library.BorrowBookService/RetrunBook status:InvalidArgument]","time":"2023-12-12T14:09:01+07:00"}
{"level":"error","msg":"map[err:rpc error: code = InvalidArgument desc = book already returned latency:3.517µs path:/library.BorrowBookService/RetrunBook status:InvalidArgument]","time":"2023-12-12T14:11:15+07:00"}
{"level":"error","msg":"map[err:rpc error: code = InvalidArgument desc = book id not found latency:1.342µs path:/library.BorrowBookService/CreateBorrowBook status:InvalidArgument]","time":"2023-12-12T14:11:25+07:00"}
{"level":"info","msg":"map[latency:576ns path:/library.BorrowBookService/CreateBorrowBook req:{\"book_id\":2} status:OK]","time":"2023-12-12T14:11:29+07:00"}
{"level":"error","msg":"map[err:rpc error: code = InvalidArgument desc = book already returned latency:1.648µs path:/library.BorrowBookService/RetrunBook status:InvalidArgument]","time":"2023-12-12T14:11:32+07:00"}
{"level":"info","msg":"map[latency:969ns path:/library.BorrowBookService/CreateBorrowBook req:{\"book_id\":1} status:OK]","time":"2023-12-12T14:14:08+07:00"}
{"level":"info","msg":"map[latency:784ns path:/library.BorrowBookService/RetrunBook req:{\"borrow_id\":21} status:OK]","time":"2023-12-12T14:14:14+07:00"}
{"level":"error","msg":"map[err:rpc error: code = Unknown desc = rpc error: code = Unauthenticated desc = invalid token latency:954ns path:/library.BookService/CreateBook status:Unknown]","time":"2023-12-12T14:15:31+07:00"}
{"level":"info","msg":"map[latency:534ns path:/library.AuthService/Login req:{\"email\":\"randysteven12@gmail.com\",\"password\":\"test_1234\"} status:OK]","time":"2023-12-12T14:15:36+07:00"}
{"level":"error","msg":"map[err:rpc error: code = Unknown desc = Buku GRPC for title at table books already exists latency:5.703µs path:/library.BookService/CreateBook status:Unknown]","time":"2023-12-12T14:15:49+07:00"}
{"level":"info","msg":"map[latency:819ns path:/library.BookService/CreateBook req:{\"title\":\"Buku GRPC 2\",\"description\":\"Buku terkuat di dunia dari gRPC\",\"quantity\":12,\"cover\":\"Sampul\",\"author_id\":1} status:OK]","time":"2023-12-12T14:16:00+07:00"}
{"level":"info","msg":"map[latency:671ns path:/library.BookService/CreateBook req:{\"title\":\"Buku GRPC 3\",\"description\":\"Buku terkuat di dunia dari gRPC\",\"quantity\":12,\"cover\":\"Sampul\",\"author_id\":1} status:OK]","time":"2023-12-12T14:17:46+07:00"}
{"level":"info","msg":"map[latency:1.283µs path:/library.BookService/CreateBook req:{\"title\":\"Buku GRPC 4\",\"description\":\"Buku terkuat di dunia dari gRPC\",\"cover\":\"Sampul\",\"author_id\":1} status:OK]","time":"2023-12-12T14:21:30+07:00"}
{"level":"info","msg":"map[latency:1.981µs path:/library.BookService/CreateBook req:{\"title\":\"Buku GRPC 5\",\"description\":\"Buku terkuat di dunia dari gRPC\",\"quantity\":19,\"cover\":\"Sampul\",\"author_id\":1} status:OK]","time":"2023-12-12T14:21:41+07:00"}
{"level":"error","msg":"map[err:rpc error: code = Unknown desc = Buku GRPC 5 for title at table books already exists latency:898ns path:/library.BookService/CreateBook status:Unknown]","time":"2023-12-12T14:25:38+07:00"}
{"level":"info","msg":"map[latency:1.883µs path:/library.BookService/CreateBook req:{\"title\":\"Buku GRPC 6\",\"description\":\"Buku terkuat di dunia dari gRPC\",\"cover\":\"Sampul\",\"author_id\":1} status:OK]","time":"2023-12-12T14:25:44+07:00"}
{"level":"info","msg":"map[latency:367ns path:/library.AuthService/Login req:{\"email\":\"randysteven12@gmail.com\",\"password\":\"test_1234\"} status:OK]","time":"2023-12-12T14:29:58+07:00"}
{"level":"error","msg":"map[err:rpc error: code = Unknown desc = rpc error: code = Unauthenticated desc = invalid token latency:913ns path:/library.BookService/CreateBook status:Unknown]","time":"2023-12-12T14:34:41+07:00"}
{"level":"info","msg":"map[latency:339ns path:/library.AuthService/Login req:{\"email\":\"randysteven12@gmail.com\",\"password\":\"test_1234\"} status:OK]","time":"2023-12-12T14:34:47+07:00"}
{"level":"error","msg":"map[err:rpc error: code = InvalidArgument desc = Title field is required latency:839ns path:/library.BookService/CreateBook status:InvalidArgument]","time":"2023-12-12T14:35:03+07:00"}
